#
# There is insufficient memory for the Java Runtime Environment to continue.
# Native memory allocation (malloc) failed to allocate 1501136 bytes for Chunk::new
# Possible reasons:
#   The system is out of physical RAM or swap space
#   In 32 bit mode, the process size limit was hit
# Possible solutions:
#   Reduce memory load on the system
#   Increase physical memory or swap space
#   Check if swap backing store is full
#   Use 64 bit Java on a 64 bit OS
#   Decrease Java heap size (-Xmx/-Xms)
#   Decrease number of Java threads
#   Decrease Java thread stack sizes (-Xss)
#   Set larger code cache with -XX:ReservedCodeCacheSize=
# This output file may be truncated or incomplete.
#
#  Out of Memory Error (allocation.cpp:390), pid=2896, tid=0x0000000000001c54
#
# JRE version: OpenJDK Runtime Environment (8.0_152-b01) (build 1.8.0_152-release-915-b01)
# Java VM: OpenJDK 64-Bit Server VM (25.152-b01 mixed mode windows-amd64 compressed oops)
# Failed to write core dump. Minidumps are not enabled by default on client versions of Windows
#

---------------  T H R E A D  ---------------

Current thread (0x000000001a5f4800):  JavaThread "C2 CompilerThread2" daemon [_thread_in_native, id=7252, stack(0x000000001af50000,0x000000001b050000)]

Stack: [0x000000001af50000,0x000000001b050000]
[error occurred during error reporting (printing stack bounds), id 0xc0000005]

Native frames: (J=compiled Java code, j=interpreted, Vv=VM code, C=native code)


Current CompileTask:
C2:   4499 3996       4       java.lang.reflect.Method::toString (20 bytes)


---------------  P R O C E S S  ---------------

Java Threads: ( => current thread )
  0x000000001f3e7800 JavaThread "Memory manager" [_thread_blocked, id=2128, stack(0x0000000025b70000,0x0000000025c70000)]
  0x000000001f3e6800 JavaThread "build operations Thread 8" [_thread_blocked, id=6728, stack(0x00000000243b0000,0x00000000244b0000)]
  0x000000001f3e5000 JavaThread "build operations Thread 7" [_thread_blocked, id=6176, stack(0x00000000242b0000,0x00000000243b0000)]
  0x000000001f3e4800 JavaThread "build operations Thread 6" [_thread_blocked, id=1432, stack(0x00000000241b0000,0x00000000242b0000)]
  0x000000001f3e6000 JavaThread "build operations Thread 5" [_thread_blocked, id=3052, stack(0x0000000022e60000,0x0000000022f60000)]
  0x000000001f3e3800 JavaThread "build operations Thread 4" [_thread_blocked, id=6692, stack(0x0000000022d60000,0x0000000022e60000)]
  0x000000001f26a000 JavaThread "build operations Thread 3" [_thread_blocked, id=7568, stack(0x0000000022c60000,0x0000000022d60000)]
  0x000000001f271000 JavaThread "build operations Thread 2" [_thread_blocked, id=3396, stack(0x0000000022b60000,0x0000000022c60000)]
  0x000000001f26d000 JavaThread "build operations" [_thread_blocked, id=1544, stack(0x00000000203d0000,0x00000000204d0000)]
  0x000000001f270000 JavaThread "Cache worker for Artifact transforms cache (C:\Users\jungh\.gradle\caches\transforms-1)" [_thread_blocked, id=8072, stack(0x00000000200a0000,0x00000000201a0000)]
  0x000000001c6d2000 JavaThread "Cache worker for file hash cache (C:\Users\jungh\AndroidStudioProjects\GuardianNews\.gradle\4.1\fileHashes)" [_thread_blocked, id=8660, stack(0x000000001efd0000,0x000000001f0d0000)]
  0x000000001c762800 JavaThread "File lock request listener" [_thread_in_native, id=7872, stack(0x000000001ecd0000,0x000000001edd0000)]
  0x000000001cb00800 JavaThread "Cache worker for file hash cache (C:\Users\jungh\.gradle\caches\4.1\fileHashes)" [_thread_blocked, id=3328, stack(0x000000001ebd0000,0x000000001ecd0000)]
  0x000000001cbc9000 JavaThread "Stdin handler" [_thread_blocked, id=6536, stack(0x000000001e9d0000,0x000000001ead0000)]
  0x000000001cbc8000 JavaThread "Asynchronous log dispatcher for DefaultDaemonConnection: socket connection from /127.0.0.1:5198 to /127.0.0.1:5199" [_thread_blocked, id=5116, stack(0x000000001e8d0000,0x000000001e9d0000)]
  0x000000001cbd5800 JavaThread "Daemon worker" [_thread_in_vm, id=7184, stack(0x000000001e7d0000,0x000000001e8d0000)]
  0x000000001cbd4800 JavaThread "Cancel handler" [_thread_blocked, id=7156, stack(0x000000001e6d0000,0x000000001e7d0000)]
  0x000000001c240800 JavaThread "Handler for socket connection from /127.0.0.1:5198 to /127.0.0.1:5199" [_thread_in_native, id=6072, stack(0x000000001e3d0000,0x000000001e4d0000)]
  0x000000001c521800 JavaThread "Daemon" [_thread_blocked, id=6012, stack(0x000000001e2d0000,0x000000001e3d0000)]
  0x000000001c5e3800 JavaThread "Daemon periodic checks" [_thread_blocked, id=5764, stack(0x000000001e1d0000,0x000000001e2d0000)]
  0x000000001c8aa800 JavaThread "Incoming local TCP Connector on port 5198" [_thread_in_native, id=8632, stack(0x000000001dcf0000,0x000000001ddf0000)]
  0x000000001a682000 JavaThread "Service Thread" daemon [_thread_blocked, id=1756, stack(0x000000001b150000,0x000000001b250000)]
  0x000000001a5fc800 JavaThread "C1 CompilerThread3" daemon [_thread_blocked, id=3308, stack(0x000000001b050000,0x000000001b150000)]
=>0x000000001a5f4800 JavaThread "C2 CompilerThread2" daemon [_thread_in_native, id=7252, stack(0x000000001af50000,0x000000001b050000)]
  0x000000001a5f2000 JavaThread "C2 CompilerThread1" daemon [_thread_in_native, id=5020, stack(0x000000001ae50000,0x000000001af50000)]
  0x000000001869e000 JavaThread "C2 CompilerThread0" daemon [_thread_blocked, id=2376, stack(0x000000001ad50000,0x000000001ae50000)]
  0x000000001a5f0800 JavaThread "Attach Listener" daemon [_thread_blocked, id=3156, stack(0x000000001ac50000,0x000000001ad50000)]
  0x000000001a5f0000 JavaThread "Signal Dispatcher" daemon [_thread_blocked, id=3184, stack(0x000000001ab50000,0x000000001ac50000)]
  0x00000000048c9000 JavaThread "Finalizer" daemon [_thread_blocked, id=5356, stack(0x000000001a960000,0x000000001aa60000)]
  0x000000001868b800 JavaThread "Reference Handler" daemon [_thread_blocked, id=4624, stack(0x000000001a460000,0x000000001a560000)]
  0x00000000047cd800 JavaThread "main" [_thread_blocked, id=5916, stack(0x0000000004600000,0x0000000004700000)]

Other Threads:
  0x0000000018687000 VMThread [stack: 0x000000001a360000,0x000000001a460000] [id=6572]
  0x000000001a682800 WatcherThread [stack: 0x000000001b250000,0x000000001b350000] [id=2220]

VM state:not at safepoint (normal execution)

VM Mutex/Monitor currently owned by a thread: None

Heap:
 PSYoungGen      total 108544K, used 61221K [0x00000000e0000000, 0x00000000ea300000, 0x0000000100000000)
  eden space 98304K, 62% used [0x00000000e0000000,0x00000000e3bc9720,0x00000000e6000000)
  from space 10240K, 0% used [0x00000000e6000000,0x00000000e6000000,0x00000000e6a00000)
  to   space 11264K, 0% used [0x00000000e9800000,0x00000000e9800000,0x00000000ea300000)
 ParOldGen       total 65536K, used 16271K [0x00000000a0000000, 0x00000000a4000000, 0x00000000e0000000)
  object space 65536K, 24% used [0x00000000a0000000,0x00000000a0fe3d90,0x00000000a4000000)
 Metaspace       used 38860K, capacity 39458K, committed 39768K, reserved 1083392K
  class space    used 5191K, capacity 5405K, committed 5504K, reserved 1048576K

Card table byte_map: [0x0000000013c90000,0x0000000013fa0000] byte_map_base: 0x0000000013790000

Marking Bits: (ParMarkBitMap*) 0x0000000075023950
 Begin Bits: [0x00000000149a0000, 0x00000000161a0000)
 End Bits:   [0x00000000161a0000, 0x00000000179a0000)

Polling page: 0x0000000002490000

CodeCache: size=245760Kb used=15433Kb max_used=15439Kb free=230326Kb
 bounds [0x00000000048d0000, 0x0000000005800000, 0x00000000138d0000]
 total_blobs=4933 nmethods=4215 adapters=630
 compilation: enabled

Compilation events (10 events):
Event: 4.491 Thread 0x000000001869e000 4071       4       com.google.common.collect.Iterators$12::next (25 bytes)
Event: 4.491 Thread 0x000000001869e000 nmethod 4071 0x00000000057cd290 code [0x00000000057cd3c0, 0x00000000057cd458]
Event: 4.491 Thread 0x000000001869e000 4115       4       com.google.common.collect.Maps$EntryFunction$1::apply (9 bytes)
Event: 4.492 Thread 0x000000001869e000 nmethod 4115 0x00000000057ec9d0 code [0x00000000057ecb20, 0x00000000057ecbb8]
Event: 4.492 Thread 0x000000001869e000 4119       4       com.google.common.collect.ImmutableMap$Builder::put (35 bytes)
Event: 4.495 Thread 0x000000001869e000 nmethod 4119 0x00000000057eb750 code [0x00000000057eb8c0, 0x00000000057ebca8]
Event: 4.495 Thread 0x000000001869e000 4243       4       java.util.Arrays::hashCode (56 bytes)
Event: 4.495 Thread 0x000000001a5fc800 4244       3       java.util.jar.JarFile::maybeInstantiateVerifier (96 bytes)
Event: 4.496 Thread 0x000000001869e000 nmethod 4243 0x00000000057eb3d0 code [0x00000000057eb520, 0x00000000057eb658]
Event: 4.496 Thread 0x000000001869e000 4127       4       java.lang.Integer::highestOneBit (38 bytes)

GC Heap History (10 events):
Event: 2.127 GC heap before
{Heap before GC invocations=5 (full 1):
 PSYoungGen      total 71680K, used 5097K [0x00000000e0000000, 0x00000000e4b00000, 0x0000000100000000)
  eden space 66560K, 0% used [0x00000000e0000000,0x00000000e0000000,0x00000000e4100000)
  from space 5120K, 99% used [0x00000000e4600000,0x00000000e4afa640,0x00000000e4b00000)
  to   space 5120K, 0% used [0x00000000e4100000,0x00000000e4100000,0x00000000e4600000)
 ParOldGen       total 87552K, used 8676K [0x00000000a0000000, 0x00000000a5580000, 0x00000000e0000000)
  object space 87552K, 9% used [0x00000000a0000000,0x00000000a0879328,0x00000000a5580000)
 Metaspace       used 20703K, capacity 21092K, committed 21248K, reserved 1067008K
  class space    used 2852K, capacity 3017K, committed 3072K, reserved 1048576K
Event: 2.154 GC heap after
Heap after GC invocations=5 (full 1):
 PSYoungGen      total 71680K, used 0K [0x00000000e0000000, 0x00000000e4b00000, 0x0000000100000000)
  eden space 66560K, 0% used [0x00000000e0000000,0x00000000e0000000,0x00000000e4100000)
  from space 5120K, 0% used [0x00000000e4600000,0x00000000e4600000,0x00000000e4b00000)
  to   space 5120K, 0% used [0x00000000e4100000,0x00000000e4100000,0x00000000e4600000)
 ParOldGen       total 65536K, used 8911K [0x00000000a0000000, 0x00000000a4000000, 0x00000000e0000000)
  object space 65536K, 13% used [0x00000000a0000000,0x00000000a08b3d58,0x00000000a4000000)
 Metaspace       used 20703K, capacity 21092K, committed 21248K, reserved 1067008K
  class space    used 2852K, capacity 3017K, committed 3072K, reserved 1048576K
}
Event: 2.703 GC heap before
{Heap before GC invocations=6 (full 1):
 PSYoungGen      total 71680K, used 66560K [0x00000000e0000000, 0x00000000e4b00000, 0x0000000100000000)
  eden space 66560K, 100% used [0x00000000e0000000,0x00000000e4100000,0x00000000e4100000)
  from space 5120K, 0% used [0x00000000e4600000,0x00000000e4600000,0x00000000e4b00000)
  to   space 5120K, 0% used [0x00000000e4100000,0x00000000e4100000,0x00000000e4600000)
 ParOldGen       total 65536K, used 8911K [0x00000000a0000000, 0x00000000a4000000, 0x00000000e0000000)
  object space 65536K, 13% used [0x00000000a0000000,0x00000000a08b3d58,0x00000000a4000000)
 Metaspace       used 25729K, capacity 26190K, committed 26496K, reserved 1073152K
  class space    used 3518K, capacity 3682K, committed 3712K, reserved 1048576K
Event: 2.711 GC heap after
Heap after GC invocations=6 (full 1):
 PSYoungGen      total 71680K, used 5110K [0x00000000e0000000, 0x00000000e7480000, 0x0000000100000000)
  eden space 66560K, 0% used [0x00000000e0000000,0x00000000e0000000,0x00000000e4100000)
  from space 5120K, 99% used [0x00000000e4100000,0x00000000e45fda00,0x00000000e4600000)
  to   space 10240K, 0% used [0x00000000e6a80000,0x00000000e6a80000,0x00000000e7480000)
 ParOldGen       total 65536K, used 11038K [0x00000000a0000000, 0x00000000a4000000, 0x00000000e0000000)
  object space 65536K, 16% used [0x00000000a0000000,0x00000000a0ac7b68,0x00000000a4000000)
 Metaspace       used 25729K, capacity 26190K, committed 26496K, reserved 1073152K
  class space    used 3518K, capacity 3682K, committed 3712K, reserved 1048576K
}
Event: 3.353 GC heap before
{Heap before GC invocations=7 (full 1):
 PSYoungGen      total 71680K, used 71670K [0x00000000e0000000, 0x00000000e7480000, 0x0000000100000000)
  eden space 66560K, 100% used [0x00000000e0000000,0x00000000e4100000,0x00000000e4100000)
  from space 5120K, 99% used [0x00000000e4100000,0x00000000e45fda00,0x00000000e4600000)
  to   space 10240K, 0% used [0x00000000e6a80000,0x00000000e6a80000,0x00000000e7480000)
 ParOldGen       total 65536K, used 11038K [0x00000000a0000000, 0x00000000a4000000, 0x00000000e0000000)
  object space 65536K, 16% used [0x00000000a0000000,0x00000000a0ac7b68,0x00000000a4000000)
 Metaspace       used 29930K, capacity 30406K, committed 30720K, reserved 1075200K
  class space    used 4069K, capacity 4234K, committed 4352K, reserved 1048576K
Event: 3.360 GC heap after
Heap after GC invocations=7 (full 1):
 PSYoungGen      total 108032K, used 7843K [0x00000000e0000000, 0x00000000e7400000, 0x0000000100000000)
  eden space 98304K, 0% used [0x00000000e0000000,0x00000000e0000000,0x00000000e6000000)
  from space 9728K, 80% used [0x00000000e6a80000,0x00000000e7228da0,0x00000000e7400000)
  to   space 10240K, 0% used [0x00000000e6000000,0x00000000e6000000,0x00000000e6a00000)
 ParOldGen       total 65536K, used 11046K [0x00000000a0000000, 0x00000000a4000000, 0x00000000e0000000)
  object space 65536K, 16% used [0x00000000a0000000,0x00000000a0ac9b68,0x00000000a4000000)
 Metaspace       used 29930K, capacity 30406K, committed 30720K, reserved 1075200K
  class space    used 4069K, capacity 4234K, committed 4352K, reserved 1048576K
}
Event: 3.997 GC heap before
{Heap before GC invocations=8 (full 1):
 PSYoungGen      total 108032K, used 66832K [0x00000000e0000000, 0x00000000e7400000, 0x0000000100000000)
  eden space 98304K, 60% used [0x00000000e0000000,0x00000000e399b4a0,0x00000000e6000000)
  from space 9728K, 80% used [0x00000000e6a80000,0x00000000e7228da0,0x00000000e7400000)
  to   space 10240K, 0% used [0x00000000e6000000,0x00000000e6000000,0x00000000e6a00000)
 ParOldGen       total 65536K, used 11046K [0x00000000a0000000, 0x00000000a4000000, 0x00000000e0000000)
  object space 65536K, 16% used [0x00000000a0000000,0x00000000a0ac9b68,0x00000000a4000000)
 Metaspace       used 34706K, capacity 35220K, committed 35416K, reserved 1079296K
  class space    used 4698K, capacity 4910K, committed 4992K, reserved 1048576K
Event: 4.004 GC heap after
Heap after GC invocations=8 (full 1):
 PSYoungGen      total 108544K, used 10051K [0x00000000e0000000, 0x00000000ea300000, 0x0000000100000000)
  eden space 98304K, 0% used [0x00000000e0000000,0x00000000e0000000,0x00000000e6000000)
  from space 10240K, 98% used [0x00000000e6000000,0x00000000e69d0de8,0x00000000e6a00000)
  to   space 11264K, 0% used [0x00000000e9800000,0x00000000e9800000,0x00000000ea300000)
 ParOldGen       total 65536K, used 11118K [0x00000000a0000000, 0x00000000a4000000, 0x00000000e0000000)
  object space 65536K, 16% used [0x00000000a0000000,0x00000000a0adbb78,0x00000000a4000000)
 Metaspace       used 34706K, capacity 35220K, committed 35416K, reserved 1079296K
  class space    used 4698K, capacity 4910K, committed 4992K, reserved 1048576K
}
Event: 4.004 GC heap before
{Heap before GC invocations=9 (full 2):
 PSYoungGen      total 108544K, used 10051K [0x00000000e0000000, 0x00000000ea300000, 0x0000000100000000)
  eden space 98304K, 0% used [0x00000000e0000000,0x00000000e0000000,0x00000000e6000000)
  from space 10240K, 98% used [0x00000000e6000000,0x00000000e69d0de8,0x00000000e6a00000)
  to   space 11264K, 0% used [0x00000000e9800000,0x00000000e9800000,0x00000000ea300000)
 ParOldGen       total 65536K, used 11118K [0x00000000a0000000, 0x00000000a4000000, 0x00000000e0000000)
  object space 65536K, 16% used [0x00000000a0000000,0x00000000a0adbb78,0x00000000a4000000)
 Metaspace       used 34706K, capacity 35220K, committed 35416K, reserved 1079296K
  class space    used 4698K, capacity 4910K, committed 4992K, reserved 1048576K
Event: 4.054 GC heap after
Heap after GC invocations=9 (full 2):
 PSYoungGen      total 108544K, used 0K [0x00000000e0000000, 0x00000000ea300000, 0x0000000100000000)
  eden space 98304K, 0% used [0x00000000e0000000,0x00000000e0000000,0x00000000e6000000)
  from space 10240K, 0% used [0x00000000e6000000,0x00000000e6000000,0x00000000e6a00000)
  to   space 11264K, 0% used [0x00000000e9800000,0x00000000e9800000,0x00000000ea300000)
 ParOldGen       total 65536K, used 16271K [0x00000000a0000000, 0x00000000a4000000, 0x00000000e0000000)
  object space 65536K, 24% used [0x00000000a0000000,0x00000000a0fe3d90,0x00000000a4000000)
 Metaspace       used 34706K, capacity 35220K, committed 35416K, reserved 1079296K
  class space    used 4698K, capacity 4910K, committed 4992K, reserved 1048576K
}

Deoptimization events (10 events):
Event: 4.449 Thread 0x000000001cbd5800 Uncommon trap: reason=unstable_if action=reinterpret pc=0x0000000004d0b9fc method=java.lang.CharacterDataLatin1.isWhitespace(I)Z @ 14
Event: 4.463 Thread 0x000000001cbd5800 Uncommon trap: reason=bimorphic action=maybe_recompile pc=0x0000000005589878 method=java.util.Hashtable.get(Ljava/lang/Object;)Ljava/lang/Object; @ 6
Event: 4.465 Thread 0x000000001cbd5800 Uncommon trap: reason=bimorphic action=maybe_recompile pc=0x0000000005589878 method=java.util.Hashtable.get(Ljava/lang/Object;)Ljava/lang/Object; @ 6
Event: 4.465 Thread 0x000000001cbd5800 Uncommon trap: reason=bimorphic action=maybe_recompile pc=0x0000000005589878 method=java.util.Hashtable.get(Ljava/lang/Object;)Ljava/lang/Object; @ 6
Event: 4.471 Thread 0x000000001cbd5800 Uncommon trap: reason=unstable_if action=reinterpret pc=0x0000000004e1a86c method=java.security.CodeSource.getCertificates()[Ljava/security/cert/Certificate; @ 22
Event: 4.472 Thread 0x000000001cbd5800 Uncommon trap: reason=unstable_if action=reinterpret pc=0x000000000501a884 method=java.util.jar.JarFile.maybeInstantiateVerifier()V @ 75
Event: 4.472 Thread 0x000000001cbd5800 Uncommon trap: reason=class_check action=maybe_recompile pc=0x00000000055d54d4 method=java.util.jar.JarFile.getJarEntry(Ljava/lang/String;)Ljava/util/jar/JarEntry; @ 2
Event: 4.472 Thread 0x000000001cbd5800 Uncommon trap: reason=class_check action=maybe_recompile pc=0x00000000055d54d4 method=java.util.jar.JarFile.getJarEntry(Ljava/lang/String;)Ljava/util/jar/JarEntry; @ 2
Event: 4.472 Thread 0x000000001cbd5800 Uncommon trap: reason=class_check action=maybe_recompile pc=0x00000000055d54d4 method=java.util.jar.JarFile.getJarEntry(Ljava/lang/String;)Ljava/util/jar/JarEntry; @ 2
Event: 4.473 Thread 0x000000001cbd5800 Uncommon trap: reason=unstable_if action=reinterpret pc=0x00000000055bbb7c method=java.util.LinkedHashMap.get(Ljava/lang/Object;)Ljava/lang/Object; @ 20

Classes redefined (0 events):
No events

Internal exceptions (10 events):
Event: 3.828 Thread 0x000000001cbd5800 Exception <a 'java/lang/ClassNotFoundException': org/gradle/api/internal/project/DefaultAntBuilderBeanInfo> (0x00000000e30b0400) thrown at [D:\src\AOSP-openjdk-cygwin\jdk8u\hotspot\src\share\vm\classfile\systemDictionary.cpp, line 210]
Event: 3.829 Thread 0x000000001cbd5800 Exception <a 'java/lang/ClassNotFoundException': org/gradle/api/internal/project/ant/BasicAntBuilderBeanInfo> (0x00000000e30de678) thrown at [D:\src\AOSP-openjdk-cygwin\jdk8u\hotspot\src\share\vm\classfile\systemDictionary.cpp, line 210]
Event: 3.829 Thread 0x000000001cbd5800 Exception <a 'java/lang/ClassNotFoundException': org/gradle/api/AntBuilderBeanInfo> (0x00000000e30ff760) thrown at [D:\src\AOSP-openjdk-cygwin\jdk8u\hotspot\src\share\vm\classfile\systemDictionary.cpp, line 210]
Event: 3.830 Thread 0x000000001cbd5800 Exception <a 'java/lang/ClassNotFoundException': groovy/util/AntBuilderBeanInfo> (0x00000000e311f6f8) thrown at [D:\src\AOSP-openjdk-cygwin\jdk8u\hotspot\src\share\vm\classfile\systemDictionary.cpp, line 210]
Event: 3.830 Thread 0x000000001cbd5800 Exception <a 'java/lang/ClassNotFoundException': groovy/util/BuilderSupportBeanInfo> (0x00000000e3141140) thrown at [D:\src\AOSP-openjdk-cygwin\jdk8u\hotspot\src\share\vm\classfile\systemDictionary.cpp, line 210]
Event: 3.830 Thread 0x000000001cbd5800 Exception <a 'java/lang/ClassNotFoundException': groovy/util/BuilderSupportCustomizer> (0x00000000e3164a18) thrown at [D:\src\AOSP-openjdk-cygwin\jdk8u\hotspot\src\share\vm\classfile\systemDictionary.cpp, line 210]
Event: 3.831 Thread 0x000000001cbd5800 Exception <a 'java/lang/ClassNotFoundException': groovy/util/AntBuilderCustomizer> (0x00000000e31889d0) thrown at [D:\src\AOSP-openjdk-cygwin\jdk8u\hotspot\src\share\vm\classfile\systemDictionary.cpp, line 210]
Event: 3.831 Thread 0x000000001cbd5800 Exception <a 'java/lang/ClassNotFoundException': org/gradle/api/AntBuilderCustomizer> (0x00000000e31b1738) thrown at [D:\src\AOSP-openjdk-cygwin\jdk8u\hotspot\src\share\vm\classfile\systemDictionary.cpp, line 210]
Event: 3.832 Thread 0x000000001cbd5800 Exception <a 'java/lang/ClassNotFoundException': org/gradle/api/internal/project/ant/BasicAntBuilderCustomizer> (0x00000000e31edc58) thrown at [D:\src\AOSP-openjdk-cygwin\jdk8u\hotspot\src\share\vm\classfile\systemDictionary.cpp, line 210]
Event: 3.833 Thread 0x000000001cbd5800 Exception <a 'java/lang/ClassNotFoundException': org/gradle/api/internal/project/DefaultAntBuilderCustomizer> (0x00000000e3230e38) thrown at [D:\src\AOSP-openjdk-cygwin\jdk8u\hotspot\src\share\vm\classfile\systemDictionary.cpp, line 210]

Events (10 events):
Event: 4.495 loading class com/android/build/gradle/internal/dsl/PackagingOptions
Event: 4.495 loading class com/android/build/gradle/internal/dsl/PackagingOptions done
Event: 4.495 loading class com/android/builder/model/PackagingOptions
Event: 4.495 loading class com/android/builder/model/PackagingOptions done
Event: 4.496 loading class org/gradle/api/NamedDomainObjectContainer
Event: 4.496 loading class org/gradle/api/NamedDomainObjectContainer done
Event: 4.496 loading class org/gradle/api/tasks/SourceSet
Event: 4.496 loading class org/gradle/api/tasks/SourceSet done
Event: 4.496 loading class com/android/build/gradle/internal/dsl/AdbOptions
Event: 4.496 loading class com/android/build/gradle/internal/dsl/AdbOptions done


Dynamic libraries:
0x00007ff657a70000 - 0x00007ff657aa1000 	C:\Program Files\Android\Android Studio\jre\bin\java.exe
0x00007ff929420000 - 0x00007ff929600000 	C:\Windows\SYSTEM32\ntdll.dll
0x00007ff9273d0000 - 0x00007ff92747e000 	C:\Windows\System32\KERNEL32.DLL
0x00007ff926060000 - 0x00007ff9262c6000 	C:\Windows\System32\KERNELBASE.dll
0x00007ff9032e0000 - 0x00007ff903421000 	C:\Windows\System32\AppCheck64.dll
0x00007ff926f50000 - 0x00007ff926ff1000 	C:\Windows\System32\ADVAPI32.dll
0x00007ff928e90000 - 0x00007ff928f2d000 	C:\Windows\System32\msvcrt.dll
0x00007ff926bb0000 - 0x00007ff926c0b000 	C:\Windows\System32\sechost.dll
0x00007ff9268f0000 - 0x00007ff926a0f000 	C:\Windows\System32\RPCRT4.dll
0x00007ff926a10000 - 0x00007ff926b9f000 	C:\Windows\System32\USER32.dll
0x00007ff9268d0000 - 0x00007ff9268f0000 	C:\Windows\System32\win32u.dll
0x00007ff926c10000 - 0x00007ff926c38000 	C:\Windows\System32\GDI32.dll
0x00007ff926620000 - 0x00007ff9267b3000 	C:\Windows\System32\gdi32full.dll
0x00007ff925fc0000 - 0x00007ff92605b000 	C:\Windows\System32\msvcp_win.dll
0x00007ff9264a0000 - 0x00007ff926596000 	C:\Windows\System32\ucrtbase.dll
0x00007ff9100a0000 - 0x00007ff910309000 	C:\Windows\WinSxS\amd64_microsoft.windows.common-controls_6595b64144ccf1df_6.0.16299.192_none_15c8cdae9364c23b\COMCTL32.dll
0x00007ff927480000 - 0x00007ff927788000 	C:\Windows\System32\combase.dll
0x00007ff9265a0000 - 0x00007ff926612000 	C:\Windows\System32\bcryptPrimitives.dll
0x00007ff928c30000 - 0x00007ff928c5d000 	C:\Windows\System32\IMM32.DLL
0x0000000074780000 - 0x0000000074852000 	C:\Program Files\Android\Android Studio\jre\jre\bin\msvcr100.dll
0x0000000074860000 - 0x000000007509e000 	C:\Program Files\Android\Android Studio\jre\jre\bin\server\jvm.dll
0x00007ff927340000 - 0x00007ff927348000 	C:\Windows\System32\PSAPI.DLL
0x00007ff90ff90000 - 0x00007ff90ff99000 	C:\Windows\SYSTEM32\WSOCK32.dll
0x00007ff922c60000 - 0x00007ff922c83000 	C:\Windows\SYSTEM32\WINMM.dll
0x00007ff91e4a0000 - 0x00007ff91e4aa000 	C:\Windows\SYSTEM32\VERSION.dll
0x00007ff928f30000 - 0x00007ff928f9c000 	C:\Windows\System32\WS2_32.dll
0x00007ff922c00000 - 0x00007ff922c2a000 	C:\Windows\SYSTEM32\winmmbase.dll
0x00007ff925f70000 - 0x00007ff925fba000 	C:\Windows\System32\cfgmgr32.dll
0x00007ff909b90000 - 0x00007ff909b9f000 	C:\Program Files\Android\Android Studio\jre\jre\bin\verify.dll
0x00007ff909860000 - 0x00007ff909889000 	C:\Program Files\Android\Android Studio\jre\jre\bin\java.dll
0x00007ff904ee0000 - 0x00007ff904ef6000 	C:\Program Files\Android\Android Studio\jre\jre\bin\zip.dll
0x00007ff927790000 - 0x00007ff928bc6000 	C:\Windows\System32\SHELL32.dll
0x00007ff928de0000 - 0x00007ff928e86000 	C:\Windows\System32\shcore.dll
0x00007ff925820000 - 0x00007ff925f67000 	C:\Windows\System32\windows.storage.dll
0x00007ff928bd0000 - 0x00007ff928c21000 	C:\Windows\System32\shlwapi.dll
0x00007ff925800000 - 0x00007ff925811000 	C:\Windows\System32\kernel.appcore.dll
0x00007ff925790000 - 0x00007ff9257dc000 	C:\Windows\System32\powrprof.dll
0x00007ff925770000 - 0x00007ff92578b000 	C:\Windows\System32\profapi.dll
0x00007ff903b00000 - 0x00007ff903b1a000 	C:\Program Files\Android\Android Studio\jre\jre\bin\net.dll
0x00007ff924fa0000 - 0x00007ff925006000 	C:\Windows\system32\mswsock.dll
0x00007ff903520000 - 0x00007ff903531000 	C:\Program Files\Android\Android Studio\jre\jre\bin\nio.dll
0x00007ff921c80000 - 0x00007ff921c9e000 	C:\Users\jungh\.gradle\native\25\windows-amd64\native-platform.dll
0x00007ff903b80000 - 0x00007ff903b8d000 	C:\Program Files\Android\Android Studio\jre\jre\bin\management.dll
0x00007ff925160000 - 0x00007ff925177000 	C:\Windows\SYSTEM32\CRYPTSP.dll
0x00007ff924bb0000 - 0x00007ff924be3000 	C:\Windows\system32\rsaenh.dll
0x00007ff925270000 - 0x00007ff925295000 	C:\Windows\SYSTEM32\bcrypt.dll
0x00007ff9256a0000 - 0x00007ff9256c9000 	C:\Windows\SYSTEM32\USERENV.dll
0x00007ff925180000 - 0x00007ff92518b000 	C:\Windows\SYSTEM32\CRYPTBASE.dll
0x00007ff924d30000 - 0x00007ff924d69000 	C:\Windows\SYSTEM32\IPHLPAPI.DLL
0x00007ff928c60000 - 0x00007ff928c68000 	C:\Windows\System32\NSI.dll
0x00007ff91e3c0000 - 0x00007ff91e3d6000 	C:\Windows\SYSTEM32\dhcpcsvc6.DLL
0x00007ff91eb40000 - 0x00007ff91eb5a000 	C:\Windows\SYSTEM32\dhcpcsvc.DLL

VM Arguments:
jvm_args: -Xmx1536m -Dfile.encoding=x-windows-949 -Duser.country=US -Duser.language=en -Duser.variant 
java_command: org.gradle.launcher.daemon.bootstrap.GradleDaemon 4.1
java_class_path (initial): C:\Users\jungh\.gradle\wrapper\dists\gradle-4.1-all\bzyivzo6n839fup2jbap0tjew\gradle-4.1\lib\gradle-launcher-4.1.jar
Launcher Type: SUN_STANDARD

Environment Variables:
JAVA_HOME=C:\Program Files\Java\jdk-9.0.4
PATH=C:\ProgramData\Oracle\Java\javapath;C:\Windows\system32;C:\Windows;C:\Windows\System32\Wbem;C:\Windows\System32\WindowsPowerShell\v1.0\;C:\Users\jungh\AppData\Local\Android\Sdk\platform-tools;C:\Program Files (x86)\AOMEI Backupper;C:\Program Files\Intel\WiFi\bin\;C:\Program Files\Common Files\Intel\WirelessCommon\;C:\Program Files\Git\cmd;C:\Users\jungh\AppData\Local\Microsoft\WindowsApps;C:\Program Files\Bandizip\;C:\Program Files\Java\jdk-9.0.4\bin;C:\Program Files\Intel\WiFi\bin\;C:\Program Files\Common Files\Intel\WirelessCommon\;C:\Users\jungh\AppData\Local\GitHubDesktop\bin
USERNAME=jungh
OS=Windows_NT
PROCESSOR_IDENTIFIER=Intel64 Family 6 Model 142 Stepping 10, GenuineIntel



---------------  S Y S T E M  ---------------

OS: Windows 10.0 , 64 bit Build 16299 (10.0.16299.15)

CPU:total 8 (initial active 8) (4 cores per cpu, 2 threads per core) family 6 model 142 stepping 10, cmov, cx8, fxsr, mmx, sse, sse2, sse3, ssse3, sse4.1, sse4.2, popcnt, avx, avx2, aes, clmul, erms, 3dnowpref, lzcnt, ht, tsc, tscinvbit, bmi1, bmi2, adx

Memory: 4k page, physical 8262884k(1431932k free), swap 8262884k(5300k free)

vm_info: OpenJDK 64-Bit Server VM (25.152-b01) for windows-amd64 JRE (1.8.0_152-release-915-b01), built by "builder" with MS VC++ 10.0 (VS2010)

time: Mon Feb 26 13:38:43 2018
elapsed time: 4 seconds (0d 0h 0m 4s)

